 THIS SOFTWARE AND ANY ACCOMPANYING DOCUMENTATION
 IS RELEASED "AS IS".  THE U.S. GOVERNMENT MAKES NO
 WARRANTY OF ANY KIND, EXPRESS OR IMPLIED, CONCERNING
 THIS SOFTWARE AND ANY ACCOMPANYING DOCUMENTATION,
 INCLUDING, WITHOUT LIMITATION, ANY WARRANTIES OF
 MERCHANTABILITY OR FITNESS FOR A PARTICULAR PURPOSE.
 IN NO EVENT WILL THE U.S. GOVERNMENT BE LIABLE FOR ANY
 DAMAGES, INCLUDING LOST PROFITS, LOST SAVINGS OR OTHER
 INCIDENTAL OR CONSEQUENTIAL DAMAGES ARISING OUT OF THE 
 USE, OR INABILITY TO USE, THIS SOFTWARE OR ANY
 ACCOMPANYING DOCUMENTATION, EVEN IF INFORMED IN ADVANCE
 OF THE POSSIBILITY OF SUCH DAMAGES.








                                        ****************************************************
                                        *    USAF STABILITY AND CONTROL  DIGITAL DATCOM    *
                                        *    PROGRAM REV. JAN 96   DIRECT INQUIRIES TO:    *
                                        *   WRIGHT LABORATORY  (WL/FIGC)  ATTN: W. BLAKE   *
                                        *         WRIGHT PATTERSON AFB, OHIO  45433        *
                                        *    PHONE (513) 255-6764,   FAX (513) 258-4054    *
                                        ****************************************************
1                         CONERR - INPUT ERROR CHECKING
0 ERROR CODES - N* DENOTES THE NUMBER OF OCCURENCES OF EACH ERROR
0 A - UNKNOWN VARIABLE NAME
0 B - MISSING EQUAL SIGN FOLLOWING VARIABLE NAME
0 C - NON-ARRAY VARIABLE HAS AN ARRAY ELEMENT DESIGNATION - (N)
0 D - NON-ARRAY VARIABLE HAS MULTIPLE VALUES ASSIGNED
0 E - ASSIGNED VALUES EXCEED ARRAY DIMENSION
0 F - SYNTAX ERROR

0******************************  INPUT DATA CARDS  ******************************

  $FLTCON NMACH=2.0,MACH(1)=0.15,0.2$                                            
  $FLTCON NALT=2.0,ALT(1)=2000.0,3000.0$                                         
  $FLTCON NALPHA=6.,ALSCHD(1)=-4.0,-2.0,0.0,2.0,4.0,8.0,LOOP=2.0$                
  $OPTINS SREF=184.0,CBARR=5.7,BLREF=33.4$                                       
  $SYNTHS XCG=8.03,ZCG=-0.47,XW=5.80,ZW=-2.12,ALIW=0.0,XH=21.64,                 
     ZV=0.0,XVF=19.76,ZVF=1.25,                                                  
     ZH=0.78,ALIH=0.0,XV=23.21,VERTUP=.TRUE.$                                    
  $BODY NX=18.0,ITYPE=1.0,                                                       
     X(1)=0.0,0.314,0.666,2.352,4.077,5.449,6.115,6.939,7.644,8.311,             
        9.840,11.055,12.505,14.191,17.327,20.503,23.639,27.755,                  
     R(1)=1.176,1.490,1.568,1.803,1.999,2.097,2.156,2.176,2.215,2.215,           
        2.195,2.156,2.078,1.901,1.410,1.039,0.627,0.078$                         
 NACA-W-6-643-618                                                                
 NACA-H-6-631-012                                                                
 NACA-V-6-631-012                                                                
  $WGPLNF CHRDTP=3.73,SSPNE=14.43,SSPN=16.70,CHRDR=7.29,SAVSI=1.0,               
          CHSTAT=0.25,TWISTA=0.0,DHDADI=8.5,DHDADO=0.0,TYPE=1.0$                 
  $VTPLNF CHRDTP=1.88,SSPNE=4.39,SSPN=5.02,CHRDR=4.47,SAVSI=13.5,                
     CHSTAT=.25,TYPE=1.0$                                                        
  $HTPLNF CHRDTP=2.51,SSPNE=6.19,SSPN=6.59,CHRDR=5.02,SAVSI=6.0,                 
     CHSTAT=0.25,TWISTA=0.0,DHDADI=0.0,DHDADO=0.0,TYPE=1.0$                      
 DAMP                                                                            
 CASEID TOTAL: NAVlON                                                            
1          THE FOLLOWING IS A LIST OF ALL INPUT CARDS FOR THIS CASE.
0
  $FLTCON NMACH=2.0,MACH(1)=0.15,0.2$                                            
  $FLTCON NALT=2.0,ALT(1)=2000.0,3000.0$                                         
  $FLTCON NALPHA=6.,ALSCHD(1)=-4.0,-2.0,0.0,2.0,4.0,8.0,LOOP=2.0$                
  $OPTINS SREF=184.0,CBARR=5.7,BLREF=33.4$                                       
  $SYNTHS XCG=8.03,ZCG=-0.47,XW=5.80,ZW=-2.12,ALIW=0.0,XH=21.64,                 
     ZV=0.0,XVF=19.76,ZVF=1.25,                                                  
     ZH=0.78,ALIH=0.0,XV=23.21,VERTUP=.TRUE.$                                    
  $BODY NX=18.0,ITYPE=1.0,                                                       
     X(1)=0.0,0.314,0.666,2.352,4.077,5.449,6.115,6.939,7.644,8.311,             
        9.840,11.055,12.505,14.191,17.327,20.503,23.639,27.755,                  
     R(1)=1.176,1.490,1.568,1.803,1.999,2.097,2.156,2.176,2.215,2.215,           
        2.195,2.156,2.078,1.901,1.410,1.039,0.627,0.078$                         
 NACA-W-6-643-618                                                                
 NACA-H-6-631-012                                                                
 NACA-V-6-631-012                                                                
  $WGPLNF CHRDTP=3.73,SSPNE=14.43,SSPN=16.70,CHRDR=7.29,SAVSI=1.0,               
          CHSTAT=0.25,TWISTA=0.0,DHDADI=8.5,DHDADO=0.0,TYPE=1.0$                 
  $VTPLNF CHRDTP=1.88,SSPNE=4.39,SSPN=5.02,CHRDR=4.47,SAVSI=13.5,                
     CHSTAT=.25,TYPE=1.0$                                                        
  $HTPLNF CHRDTP=2.51,SSPNE=6.19,SSPN=6.59,CHRDR=5.02,SAVSI=6.0,                 
     CHSTAT=0.25,TWISTA=0.0,DHDADI=0.0,DHDADO=0.0,TYPE=1.0$                      
 DAMP                                                                            
 CASEID TOTAL: NAVlON                                                            
0 INPUT DIMENSIONS ARE IN FT, SCALE FACTOR IS 1.0000

1                             AUTOMATED STABILITY AND CONTROL METHODS PER APRIL 1976 VERSION OF DATCOM   
                                                        WING SECTION DEFINITION
0                                 IDEAL ANGLE OF ATTACK =    .00000 DEG.

                              ZERO LIFT ANGLE OF ATTACK =  -4.45252 DEG.

                                 IDEAL LIFT COEFFICIENT =    .60000

                  ZERO LIFT PITCHING MOMENT COEFFICIENT =   -.12721

                             MACH ZERO LIFT-CURVE-SLOPE =    .10099 /DEG.

                                    LEADING EDGE RADIUS =    .02230 FRACTION CHORD

                              MAXIMUM AIRFOIL THICKNESS =    .18000 FRACTION CHORD

                                                DELTA-Y =   3.40008 PERCENT CHORD


0                         MACH=  .1500 LIFT-CURVE-SLOPE =    .10173 /DEG.      XAC =    .26580
0                         MACH=  .2000 LIFT-CURVE-SLOPE =    .10233 /DEG.      XAC =    .26625
1                             AUTOMATED STABILITY AND CONTROL METHODS PER APRIL 1976 VERSION OF DATCOM   
                                                   HORIZONTAL TAIL SECTION DEFINITION
0                                 IDEAL ANGLE OF ATTACK =    .00000 DEG.

                              ZERO LIFT ANGLE OF ATTACK =    .00000 DEG.

                                 IDEAL LIFT COEFFICIENT =    .00000

                  ZERO LIFT PITCHING MOMENT COEFFICIENT =    .00000

                             MACH ZERO LIFT-CURVE-SLOPE =    .10244 /DEG.

                                    LEADING EDGE RADIUS =    .00993 FRACTION CHORD

                              MAXIMUM AIRFOIL THICKNESS =    .12000 FRACTION CHORD

                                                DELTA-Y =   2.61808 PERCENT CHORD


0                         MACH=  .1500 LIFT-CURVE-SLOPE =    .10344 /DEG.      XAC =    .25882
0                         MACH=  .2000 LIFT-CURVE-SLOPE =    .10426 /DEG.      XAC =    .25891
1                             AUTOMATED STABILITY AND CONTROL METHODS PER APRIL 1976 VERSION OF DATCOM   
                                                    VERTICAL TAIL SECTION DEFINITION
0                                 IDEAL ANGLE OF ATTACK =    .00000 DEG.

                              ZERO LIFT ANGLE OF ATTACK =    .00000 DEG.

                                 IDEAL LIFT COEFFICIENT =    .00000

                  ZERO LIFT PITCHING MOMENT COEFFICIENT =    .00000

                             MACH ZERO LIFT-CURVE-SLOPE =    .10244 /DEG.

                                    LEADING EDGE RADIUS =    .00993 FRACTION CHORD

                              MAXIMUM AIRFOIL THICKNESS =    .12000 FRACTION CHORD

                                                DELTA-Y =   2.61808 PERCENT CHORD


0                         MACH=  .1500 LIFT-CURVE-SLOPE =    .10344 /DEG.      XAC =    .25882
0                         MACH=  .2000 LIFT-CURVE-SLOPE =    .10426 /DEG.      XAC =    .25891
1                               AUTOMATED STABILITY AND CONTROL METHODS PER APRIL 1976 VERSION OF DATCOM
                                         CHARACTERISTICS AT ANGLE OF ATTACK AND IN SIDESLIP
                                        WING-BODY-VERTICAL TAIL-HORIZONTAL TAIL CONFIGURATION
                                                           TOTAL: NAVlON
 
 -----------------------  FLIGHT CONDITIONS  ------------------------           --------------  REFERENCE DIMENSIONS  ------------
  MACH    ALTITUDE   VELOCITY    PRESSURE    TEMPERATURE     REYNOLDS             REF.      REFERENCE LENGTH   MOMENT REF. CENTER
 NUMBER                                                       NUMBER              AREA       LONG.     LAT.     HORIZ      VERT
             FT       FT/SEC     LB/FT**2       DEG R         1/FT               FT**2        FT        FT        FT        FT
0  .150    2000.00     166.29   1.9677E+03     511.538     1.0034E+06           184.000      5.700    33.400     8.030     -.470
0                                                               -------------------DERIVATIVE (PER DEGREE)-------------------
0 ALPHA     CD       CL       CM       CN       CA       XCP        CLA          CMA          CYB          CNB          CLB
0
   -4.0     .019    -.046     .1141   -.047     .016   -2.430    8.847E-02   -1.734E-02   -5.964E-03    1.185E-03   -1.495E-03
   -2.0     .019     .135     .0847    .134     .024     .629    9.236E-02   -1.317E-02   -5.964E-03    1.185E-03   -1.534E-03
     .0     .024     .324     .0614    .324     .024     .190    9.575E-02   -1.004E-02   -5.964E-03    1.185E-03   -1.576E-03
    2.0     .032     .518     .0445    .519     .014     .086    9.890E-02   -8.238E-03   -5.964E-03    1.185E-03   -1.622E-03
    4.0     .045     .719     .0285    .721    -.005     .039    1.018E-01   -8.177E-03   -5.964E-03    1.185E-03   -1.671E-03
    8.0     .087    1.136    -.0055   1.137    -.072    -.005    1.066E-01   -8.820E-03   -5.964E-03    1.185E-03   -1.780E-03
0                                    ALPHA     Q/QINF    EPSLON  D(EPSLON)/D(ALPHA)
0
                                     -4.0      1.000       .251         .579
                                     -2.0      1.000      1.409         .600
                                       .0      1.000      2.650         .642
                                      2.0      1.000      3.977         .649
                                      4.0      1.000      5.246         .623
                                      8.0      1.000      7.648         .600
1                               AUTOMATED STABILITY AND CONTROL METHODS PER APRIL 1976 VERSION OF DATCOM
                                                         DYNAMIC DERIVATIVES
                                        WING-BODY-VERTICAL TAIL-HORIZONTAL TAIL CONFIGURATION
                                                           TOTAL: NAVlON
 
 -----------------------  FLIGHT CONDITIONS  ------------------------           --------------  REFERENCE DIMENSIONS  ------------
  MACH    ALTITUDE   VELOCITY    PRESSURE    TEMPERATURE     REYNOLDS             REF.      REFERENCE LENGTH   MOMENT REF. CENTER
 NUMBER                                                       NUMBER              AREA       LONG.     LAT.     HORIZ      VERT
             FT       FT/SEC     LB/FT**2       DEG R         1/FT               FT**2        FT        FT        FT        FT
0  .150    2000.00     166.29   1.9677E+03     511.538     1.0034E+06           184.000      5.700    33.400     8.030     -.470
                                                    DYNAMIC DERIVATIVES (PER DEGREE)
0           -------PITCHING-------    -----ACCELERATION------    --------------ROLLING--------------    --------YAWING--------
0   ALPHA       CLQ          CMQ           CLAD         CMAD         CLP          CYP          CNP          CNR          CLR
0
    -4.00    0.000E-01   -2.673E-01     5.970E-02   -1.595E-01   -7.286E-03   -3.551E-03    1.019E-04   -1.925E-03    5.542E-04
    -2.00    0.000E-01   -2.673E-01     6.181E-02   -1.652E-01   -7.675E-03   -3.591E-03   -9.859E-05   -1.962E-03    1.020E-03
      .00    0.000E-01   -2.673E-01     6.617E-02   -1.768E-01   -8.044E-03   -3.636E-03   -2.996E-04   -2.011E-03    1.513E-03
     2.00    0.000E-01   -2.673E-01     6.691E-02   -1.788E-01   -8.362E-03   -3.687E-03   -5.009E-04   -2.072E-03    2.031E-03
     4.00    0.000E-01   -2.673E-01     6.422E-02   -1.716E-01   -8.609E-03   -3.742E-03   -7.045E-04   -2.148E-03    2.566E-03
     8.00    0.000E-01   -2.673E-01     6.187E-02   -1.653E-01   -9.033E-03   -3.866E-03   -1.122E-03   -2.345E-03    3.675E-03
1                               AUTOMATED STABILITY AND CONTROL METHODS PER APRIL 1976 VERSION OF DATCOM
                                         CHARACTERISTICS AT ANGLE OF ATTACK AND IN SIDESLIP
                                        WING-BODY-VERTICAL TAIL-HORIZONTAL TAIL CONFIGURATION
                                                           TOTAL: NAVlON
 
 -----------------------  FLIGHT CONDITIONS  ------------------------           --------------  REFERENCE DIMENSIONS  ------------
  MACH    ALTITUDE   VELOCITY    PRESSURE    TEMPERATURE     REYNOLDS             REF.      REFERENCE LENGTH   MOMENT REF. CENTER
 NUMBER                                                       NUMBER              AREA       LONG.     LAT.     HORIZ      VERT
             FT       FT/SEC     LB/FT**2       DEG R         1/FT               FT**2        FT        FT        FT        FT
0  .200    2000.00     221.72   1.9677E+03     511.538     1.3379E+06           184.000      5.700    33.400     8.030     -.470
0                                                               -------------------DERIVATIVE (PER DEGREE)-------------------
0 ALPHA     CD       CL       CM       CN       CA       XCP        CLA          CMA          CYB          CNB          CLB
0
   -4.0     .018    -.046     .1149   -.047     .015   -2.444    8.878E-02   -1.737E-02   -5.972E-03    1.163E-03   -1.502E-03
   -2.0     .018     .136     .0854    .135     .023     .633    9.266E-02   -1.319E-02   -5.972E-03    1.163E-03   -1.542E-03
     .0     .022     .325     .0622    .325     .022     .191    9.603E-02   -1.006E-02   -5.972E-03    1.163E-03   -1.584E-03
    2.0     .031     .520     .0452    .521     .013     .087    9.916E-02   -8.259E-03   -5.972E-03    1.163E-03   -1.629E-03
    4.0     .044     .721     .0291    .723    -.006     .040    1.020E-01   -8.206E-03   -5.972E-03    1.163E-03   -1.679E-03
    8.0     .086    1.139    -.0050   1.140    -.073    -.004    1.069E-01   -8.880E-03   -5.972E-03    1.163E-03   -1.788E-03
0                                    ALPHA     Q/QINF    EPSLON  D(EPSLON)/D(ALPHA)
0
                                     -4.0      1.000       .251         .581
                                     -2.0      1.000      1.413         .601
                                       .0      1.000      2.656         .643
                                      2.0      1.000      3.986         .651
                                      4.0      1.000      5.258         .624
                                      8.0      1.000      7.663         .601
1                               AUTOMATED STABILITY AND CONTROL METHODS PER APRIL 1976 VERSION OF DATCOM
                                                         DYNAMIC DERIVATIVES
                                        WING-BODY-VERTICAL TAIL-HORIZONTAL TAIL CONFIGURATION
                                                           TOTAL: NAVlON
 
 -----------------------  FLIGHT CONDITIONS  ------------------------           --------------  REFERENCE DIMENSIONS  ------------
  MACH    ALTITUDE   VELOCITY    PRESSURE    TEMPERATURE     REYNOLDS             REF.      REFERENCE LENGTH   MOMENT REF. CENTER
 NUMBER                                                       NUMBER              AREA       LONG.     LAT.     HORIZ      VERT
             FT       FT/SEC     LB/FT**2       DEG R         1/FT               FT**2        FT        FT        FT        FT
0  .200    2000.00     221.72   1.9677E+03     511.538     1.3379E+06           184.000      5.700    33.400     8.030     -.470
                                                    DYNAMIC DERIVATIVES (PER DEGREE)
0           -------PITCHING-------    -----ACCELERATION------    --------------ROLLING--------------    --------YAWING--------
0   ALPHA       CLQ          CMQ           CLAD         CMAD         CLP          CYP          CNP          CNR          CLR
0
    -4.00    0.000E-01   -2.682E-01     6.004E-02   -1.605E-01   -7.307E-03   -3.561E-03    1.022E-04   -1.927E-03    5.563E-04
    -2.00    0.000E-01   -2.682E-01     6.216E-02   -1.661E-01   -7.695E-03   -3.601E-03   -9.806E-05   -1.964E-03    1.027E-03
      .00    0.000E-01   -2.682E-01     6.653E-02   -1.778E-01   -8.062E-03   -3.646E-03   -2.989E-04   -2.013E-03    1.526E-03
     2.00    0.000E-01   -2.682E-01     6.726E-02   -1.797E-01   -8.378E-03   -3.696E-03   -4.999E-04   -2.075E-03    2.049E-03
     4.00    0.000E-01   -2.682E-01     6.456E-02   -1.725E-01   -8.623E-03   -3.752E-03   -7.033E-04   -2.151E-03    2.591E-03
     8.00    0.000E-01   -2.682E-01     6.217E-02   -1.661E-01   -9.043E-03   -3.875E-03   -1.120E-03   -2.348E-03    3.710E-03
1                               AUTOMATED STABILITY AND CONTROL METHODS PER APRIL 1976 VERSION OF DATCOM
                                         CHARACTERISTICS AT ANGLE OF ATTACK AND IN SIDESLIP
                                        WING-BODY-VERTICAL TAIL-HORIZONTAL TAIL CONFIGURATION
                                                           TOTAL: NAVlON
 
 -----------------------  FLIGHT CONDITIONS  ------------------------           --------------  REFERENCE DIMENSIONS  ------------
  MACH    ALTITUDE   VELOCITY    PRESSURE    TEMPERATURE     REYNOLDS             REF.      REFERENCE LENGTH   MOMENT REF. CENTER
 NUMBER                                                       NUMBER              AREA       LONG.     LAT.     HORIZ      VERT
             FT       FT/SEC     LB/FT**2       DEG R         1/FT               FT**2        FT        FT        FT        FT
0  .150    3000.00     165.71   1.8967E+03     507.973     9.7590E+05           184.000      5.700    33.400     8.030     -.470
0                                                               -------------------DERIVATIVE (PER DEGREE)-------------------
0 ALPHA     CD       CL       CM       CN       CA       XCP        CLA          CMA          CYB          CNB          CLB
0
   -4.0     .019    -.046     .1141   -.047     .016   -2.430    8.847E-02   -1.734E-02   -5.964E-03    1.188E-03   -1.495E-03
   -2.0     .020     .135     .0846    .134     .024     .629    9.236E-02   -1.317E-02   -5.964E-03    1.188E-03   -1.534E-03
     .0     .024     .324     .0614    .324     .024     .190    9.575E-02   -1.004E-02   -5.964E-03    1.188E-03   -1.576E-03
    2.0     .032     .518     .0445    .519     .014     .086    9.890E-02   -8.238E-03   -5.964E-03    1.188E-03   -1.622E-03
    4.0     .045     .719     .0285    .721    -.005     .039    1.018E-01   -8.177E-03   -5.964E-03    1.188E-03   -1.671E-03
    8.0     .087    1.136    -.0055   1.137    -.072    -.005    1.066E-01   -8.821E-03   -5.964E-03    1.188E-03   -1.780E-03
0                                    ALPHA     Q/QINF    EPSLON  D(EPSLON)/D(ALPHA)
0
                                     -4.0      1.000       .251         .579
                                     -2.0      1.000      1.409         .600
                                       .0      1.000      2.650         .642
                                      2.0      1.000      3.977         .649
                                      4.0      1.000      5.246         .623
                                      8.0      1.000      7.647         .600
1                               AUTOMATED STABILITY AND CONTROL METHODS PER APRIL 1976 VERSION OF DATCOM
                                                         DYNAMIC DERIVATIVES
                                        WING-BODY-VERTICAL TAIL-HORIZONTAL TAIL CONFIGURATION
                                                           TOTAL: NAVlON
 
 -----------------------  FLIGHT CONDITIONS  ------------------------           --------------  REFERENCE DIMENSIONS  ------------
  MACH    ALTITUDE   VELOCITY    PRESSURE    TEMPERATURE     REYNOLDS             REF.      REFERENCE LENGTH   MOMENT REF. CENTER
 NUMBER                                                       NUMBER              AREA       LONG.     LAT.     HORIZ      VERT
             FT       FT/SEC     LB/FT**2       DEG R         1/FT               FT**2        FT        FT        FT        FT
0  .150    3000.00     165.71   1.8967E+03     507.973     9.7590E+05           184.000      5.700    33.400     8.030     -.470
                                                    DYNAMIC DERIVATIVES (PER DEGREE)
0           -------PITCHING-------    -----ACCELERATION------    --------------ROLLING--------------    --------YAWING--------
0   ALPHA       CLQ          CMQ           CLAD         CMAD         CLP          CYP          CNP          CNR          CLR
0
    -4.00    0.000E-01   -2.673E-01     5.970E-02   -1.595E-01   -7.286E-03   -3.551E-03    1.019E-04   -1.925E-03    5.542E-04
    -2.00    0.000E-01   -2.673E-01     6.181E-02   -1.652E-01   -7.675E-03   -3.591E-03   -9.859E-05   -1.963E-03    1.020E-03
      .00    0.000E-01   -2.673E-01     6.617E-02   -1.768E-01   -8.044E-03   -3.636E-03   -2.996E-04   -2.011E-03    1.513E-03
     2.00    0.000E-01   -2.673E-01     6.691E-02   -1.788E-01   -8.362E-03   -3.687E-03   -5.009E-04   -2.073E-03    2.031E-03
     4.00    0.000E-01   -2.673E-01     6.422E-02   -1.716E-01   -8.609E-03   -3.742E-03   -7.045E-04   -2.148E-03    2.566E-03
     8.00    0.000E-01   -2.673E-01     6.187E-02   -1.653E-01   -9.033E-03   -3.866E-03   -1.122E-03   -2.345E-03    3.675E-03
1                               AUTOMATED STABILITY AND CONTROL METHODS PER APRIL 1976 VERSION OF DATCOM
                                         CHARACTERISTICS AT ANGLE OF ATTACK AND IN SIDESLIP
                                        WING-BODY-VERTICAL TAIL-HORIZONTAL TAIL CONFIGURATION
                                                           TOTAL: NAVlON
 
 -----------------------  FLIGHT CONDITIONS  ------------------------           --------------  REFERENCE DIMENSIONS  ------------
  MACH    ALTITUDE   VELOCITY    PRESSURE    TEMPERATURE     REYNOLDS             REF.      REFERENCE LENGTH   MOMENT REF. CENTER
 NUMBER                                                       NUMBER              AREA       LONG.     LAT.     HORIZ      VERT
             FT       FT/SEC     LB/FT**2       DEG R         1/FT               FT**2        FT        FT        FT        FT
0  .200    3000.00     220.95   1.8967E+03     507.973     1.3012E+06           184.000      5.700    33.400     8.030     -.470
0                                                               -------------------DERIVATIVE (PER DEGREE)-------------------
0 ALPHA     CD       CL       CM       CN       CA       XCP        CLA          CMA          CYB          CNB          CLB
0
   -4.0     .018    -.046     .1149   -.047     .015   -2.444    8.878E-02   -1.737E-02   -5.972E-03    1.166E-03   -1.502E-03
   -2.0     .019     .136     .0854    .135     .023     .633    9.266E-02   -1.319E-02   -5.972E-03    1.166E-03   -1.542E-03
     .0     .023     .325     .0622    .325     .023     .191    9.603E-02   -1.006E-02   -5.972E-03    1.166E-03   -1.584E-03
    2.0     .031     .520     .0452    .521     .013     .087    9.916E-02   -8.259E-03   -5.972E-03    1.166E-03   -1.629E-03
    4.0     .044     .721     .0291    .723    -.006     .040    1.020E-01   -8.206E-03   -5.972E-03    1.166E-03   -1.679E-03
    8.0     .086    1.139    -.0050   1.140    -.073    -.004    1.069E-01   -8.880E-03   -5.972E-03    1.166E-03   -1.788E-03
0                                    ALPHA     Q/QINF    EPSLON  D(EPSLON)/D(ALPHA)
0
                                     -4.0      1.000       .251         .581
                                     -2.0      1.000      1.413         .601
                                       .0      1.000      2.656         .643
                                      2.0      1.000      3.986         .651
                                      4.0      1.000      5.258         .624
                                      8.0      1.000      7.663         .601
1                               AUTOMATED STABILITY AND CONTROL METHODS PER APRIL 1976 VERSION OF DATCOM
                                                         DYNAMIC DERIVATIVES
                                        WING-BODY-VERTICAL TAIL-HORIZONTAL TAIL CONFIGURATION
                                                           TOTAL: NAVlON
 
 -----------------------  FLIGHT CONDITIONS  ------------------------           --------------  REFERENCE DIMENSIONS  ------------
  MACH    ALTITUDE   VELOCITY    PRESSURE    TEMPERATURE     REYNOLDS             REF.      REFERENCE LENGTH   MOMENT REF. CENTER
 NUMBER                                                       NUMBER              AREA       LONG.     LAT.     HORIZ      VERT
             FT       FT/SEC     LB/FT**2       DEG R         1/FT               FT**2        FT        FT        FT        FT
0  .200    3000.00     220.95   1.8967E+03     507.973     1.3012E+06           184.000      5.700    33.400     8.030     -.470
                                                    DYNAMIC DERIVATIVES (PER DEGREE)
0           -------PITCHING-------    -----ACCELERATION------    --------------ROLLING--------------    --------YAWING--------
0   ALPHA       CLQ          CMQ           CLAD         CMAD         CLP          CYP          CNP          CNR          CLR
0
    -4.00    0.000E-01   -2.682E-01     6.004E-02   -1.605E-01   -7.307E-03   -3.561E-03    1.022E-04   -1.927E-03    5.563E-04
    -2.00    0.000E-01   -2.682E-01     6.216E-02   -1.661E-01   -7.695E-03   -3.601E-03   -9.806E-05   -1.965E-03    1.027E-03
      .00    0.000E-01   -2.682E-01     6.653E-02   -1.778E-01   -8.062E-03   -3.646E-03   -2.989E-04   -2.013E-03    1.526E-03
     2.00    0.000E-01   -2.682E-01     6.726E-02   -1.797E-01   -8.378E-03   -3.696E-03   -4.999E-04   -2.075E-03    2.049E-03
     4.00    0.000E-01   -2.682E-01     6.456E-02   -1.725E-01   -8.623E-03   -3.752E-03   -7.033E-04   -2.151E-03    2.591E-03
     8.00    0.000E-01   -2.682E-01     6.217E-02   -1.661E-01   -9.043E-03   -3.875E-03   -1.120E-03   -2.348E-03    3.710E-03
1 END OF JOB.
